Build started 11/1/2015 3:11:14 PM.
     1>Project "C:\Users\Mark\Documents\Visual Studio 2015\Projects\Othello\Othello\Othello.vcxproj" on node 2 (Build target(s)).
     1>ClCompile:
         C:\Program Files (x86)\Microsoft Visual Studio 14.0\VC\bin\CL.exe /c /ZI /nologo /W3 /WX- /sdl /Od /Oy- /D _MBCS /Gm /EHsc /RTC1 /MDd /GS /fp:precise /Zc:wchar_t /Zc:forScope /Zc:inline /Fo"Debug\\" /Fd"Debug\vc140.pdb" /Gd /TP /analyze- /errorReport:prompt Negamax.cpp
         Negamax.cpp
     1>c:\users\mark\documents\visual studio 2015\projects\othello\othello\negamax.cpp(14): warning C4244: 'argument': conversion from 'time_t' to 'unsigned int', possible loss of data
     1>c:\users\mark\documents\visual studio 2015\projects\othello\othello\negamax.cpp(21): warning C4244: 'initializing': conversion from 'float' to 'long', possible loss of data
     1>c:\users\mark\documents\visual studio 2015\projects\othello\othello\negamax.cpp(27): warning C4018: '<': signed/unsigned mismatch
     1>c:\users\mark\documents\visual studio 2015\projects\othello\othello\negamax.cpp(78): warning C4018: '<': signed/unsigned mismatch
     1>c:\users\mark\documents\visual studio 2015\projects\othello\othello\negamax.cpp(120): warning C4018: '<': signed/unsigned mismatch
     1>c:\users\mark\documents\visual studio 2015\projects\othello\othello\negamax.cpp(172): warning C4244: '-=': conversion from 'double' to 'int', possible loss of data
     1>c:\users\mark\documents\visual studio 2015\projects\othello\othello\negamax.cpp(179): warning C4244: '+=': conversion from 'double' to 'int', possible loss of data
     1>c:\users\mark\documents\visual studio 2015\projects\othello\othello\negamax.cpp(354): warning C4244: '=': conversion from 'double' to 'int', possible loss of data
       Link:
         C:\Program Files (x86)\Microsoft Visual Studio 14.0\VC\bin\link.exe /ERRORREPORT:PROMPT /OUT:"C:\Users\Mark\Documents\Visual Studio 2015\Projects\Othello\Debug\Othello.exe" /INCREMENTAL /NOLOGO kernel32.lib user32.lib gdi32.lib winspool.lib comdlg32.lib advapi32.lib shell32.lib ole32.lib oleaut32.lib uuid.lib odbc32.lib odbccp32.lib /MANIFEST /MANIFESTUAC:"level='asInvoker' uiAccess='false'" /manifest:embed /Debug /PDB:"C:\Users\Mark\Documents\Visual Studio 2015\Projects\Othello\Debug\Othello.pdb" /TLBID:1 /DYNAMICBASE /NXCOMPAT /IMPLIB:"C:\Users\Mark\Documents\Visual Studio 2015\Projects\Othello\Debug\Othello.lib" /MACHINE:X86 Debug\CheckMoves.obj
         Debug\MakeMoves.obj
         Debug\Negamax.obj
         Debug\Othello.obj
         Othello.vcxproj -> C:\Users\Mark\Documents\Visual Studio 2015\Projects\Othello\Debug\Othello.exe
     1>Done Building Project "C:\Users\Mark\Documents\Visual Studio 2015\Projects\Othello\Othello\Othello.vcxproj" (Build target(s)).

Build succeeded.

Time Elapsed 00:00:04.29
